<?xml version="1.0" encoding="UTF-8"?>
<!-- Generated by org.testng.reporters.JUnitXMLReporter -->
<testsuite hostname="W57" ignored="1" name="Test" tests="9" failures="1" timestamp="14 Jun 2018 17:18:09 GMT" time="0.173" errors="0">
  <testcase name="@BeforeMethod startProcess" time="0.0" classname="ng_package.SampleTest">
    <failure type="java.io.FileNotFoundException" message=".\data.properties (The system cannot find the file specified)">
      <![CDATA[java.io.FileNotFoundException: .\data.properties (The system cannot find the file specified)
at java.io.FileInputStream.open0(Native Method)
at java.io.FileInputStream.open(Unknown Source)
at java.io.FileInputStream.<init>(Unknown Source)
at ng_package.BasePage.getData(BasePage.java:18)
at ng_package.SampleTest.startProcess(SampleTest.java:15)
... Removed 28 stack frames]]>
    </failure>
  </testcase> <!-- @BeforeMethod startProcess -->
  <testcase name="@AfterMethod endProcess" time="0.0" classname="ng_package.SampleTest">
    <skipped/>
  </testcase> <!-- @AfterMethod endProcess -->
  <testcase name="@BeforeMethod startProcess" time="0.0" classname="ng_package.newClass">
    <failure type="org.testng.TestNGException" message="
Parameter &amp;apos;browser&amp;apos; is required by BeforeMethod on method startProcess but has not been marked @Optional or defined
in C:\Users\Quennie\eclipse-workspace\testNG_project\test_ng.xml">
      <![CDATA[org.testng.TestNGException: 
Parameter 'browser' is required by BeforeMethod on method startProcess but has not been marked @Optional or defined
in C:\Users\Quennie\eclipse-workspace\testNG_project\test_ng.xml
... Removed 25 stack frames]]>
    </failure>
  </testcase> <!-- @BeforeMethod startProcess -->
  <testcase name="@AfterMethod endProcess" time="0.0" classname="ng_package.newClass">
    <skipped/>
  </testcase> <!-- @AfterMethod endProcess -->
  <testcase name="login" time="0.0" classname="ng_package.SampleTest">
    <skipped/>
  </testcase> <!-- login -->
  <testcase name="f" time="0.0" classname="ng_package.TestClass"/>
  <testcase name="z" time="0.0" classname="ng_package.TestClass_1"/>
  <testcase name="orange" time="0.0" classname="ng_package.newTest_1"/>
  <testcase name="white" time="0.016" classname="ng_package.newTest_1">
    <failure type="java.lang.AssertionError" message="expected [true] but found [false]">
      <![CDATA[java.lang.AssertionError: expected [true] but found [false]
at ng_package.newTest_1.white(newTest_1.java:17)
... Removed 29 stack frames]]>
    </failure>
  </testcase> <!-- white -->
  <testcase name="blue" time="0.0" classname="ng_package.newTest_1">
    <skipped/>
  </testcase> <!-- blue -->
  <testcase name="green" time="0.0" classname="ng_package.newTest_1">
    <skipped/>
  </testcase> <!-- green -->
  <testcase name="login" time="0.0" classname="ng_package.newClass">
    <skipped/>
  </testcase> <!-- login -->
  <testcase name="a" time="0.016" classname="ng_package.TestClass_1"/>
  <testcase name="f" time="0.0" classname="ng_package.TestClass_1">
    <ignored/>
  </testcase> <!-- f -->
</testsuite> <!-- Test -->
